<?xml version="1.0" encoding="UTF-8"?>
<testsuite xmlns:xsi="http://www.w3.org/2001/XMLSchema-instance" xsi:noNamespaceSchemaLocation="https://maven.apache.org/surefire/maven-surefire-plugin/xsd/surefire-test-report.xsd" name="idatt.idi.ntnu.edu.StudentTest" time="0.017" tests="3" errors="0" skipped="0" failures="0">
  <properties>
[...]
</properties>
  <testcase name="testToString" classname="idatt.idi.ntnu.edu.StudentTest" time="0.009"/>
  <testcase name="testConstructorAndGetters" classname="idatt.idi.ntnu.edu.StudentTest" time="0"/>
  <testcase name="testIncreaseNumberOfTasks" classname="idatt.idi.ntnu.edu.StudentTest" time="0.001"/>
</testsuite>